demo/build/outputs/logs/manifest-merger-debug-report.txt
-- Merging decision tree log ---
manifest
ADDED from TikTokDemo-master/demo/AndroidManifest.xml:2:1-166:12
INJECTED from TikTokDemo-master/demo/AndroidManifest.xml:2:1-166:12
INJECTED from TikTokDemo-master/demo/AndroidManifest.xml:2:1-166:12
INJECTED from TikTokDemo-master/demo/AndroidManifest.xml:2:1-166:12
INJECTED from TikTokDemo-master/demo/AndroidManifest.xml:2:1-166:12
INJECTED from TikTokDemo-master/demo/AndroidManifest.xml:2:1-166:12
INJECTED from TikTokDemo-master/demo/AndroidManifest.xml:2:1-166:12
	package
		ADDED from TikTokDemo-master/demo/AndroidManifest.xml:3:5-44
		INJECTED from TikTokDemo-master/demo/AndroidManifest.xml
		INJECTED from TikTokDemo-master/demo/AndroidManifest.xml
	android:versionName
		INJECTED from TikTokDemo-master/demo/AndroidManifest.xml
		ADDED from TikTokDemo-master/demo/AndroidManifest.xml:2:1-166:12
		INJECTED from TikTokDemo-master/demo/AndroidManifest.xml
	android:versionCode
		INJECTED from TikTokDemo-master/demo/AndroidManifest.xml
		ADDED from TikTokDemo-master/demo/AndroidManifest.xml:2:1-166:12
		INJECTED from TikTokDemo-master/demo/AndroidManifest.xml
	xmlns:android
		ADDED from TikTokDemo-master/demo/AndroidManifest.xml:2:11-69
uses-permission#android.permission.INTERNET
ADDED from TikTokDemo-master/demo/AndroidManifest.xml:8:5-67
	android:name
		ADDED from TikTokDemo-master/demo/AndroidManifest.xml:8:22-64
uses-permission#android.permission.ACCESS_NETWORK_STATE
ADDED from TikTokDemo-master/demo/AndroidManifest.xml:9:5-79
	android:name
		ADDED from TikTokDemo-master/demo/AndroidManifest.xml:9:22-76
uses-permission#android.permission.ACCESS_WIFI_STATE
ADDED from TikTokDemo-master/demo/AndroidManifest.xml:10:5-76
	android:name
		ADDED from TikTokDemo-master/demo/AndroidManifest.xml:10:22-73
uses-permission#android.permission.FLASHLIGHT
ADDED from TikTokDemo-master/demo/AndroidManifest.xml:12:5-69
	android:name
		ADDED from TikTokDemo-master/demo/AndroidManifest.xml:12:22-66
uses-permission#android.permission.VIBRATE
ADDED from TikTokDemo-master/demo/AndroidManifest.xml:13:5-66
	android:name
		ADDED from TikTokDemo-master/demo/AndroidManifest.xml:13:22-63
uses-permission#android.permission.READ_EXTERNAL_STORAGE
ADDED from TikTokDemo-master/demo/AndroidManifest.xml:15:5-80
	android:name
		ADDED from TikTokDemo-master/demo/AndroidManifest.xml:15:22-77
uses-permission#android.permission.WRITE_EXTERNAL_STORAGE
ADDED from TikTokDemo-master/demo/AndroidManifest.xml:16:5-81
	android:name
		ADDED from TikTokDemo-master/demo/AndroidManifest.xml:16:22-78
uses-permission#android.permission.CAMERA
ADDED from TikTokDemo-master/demo/AndroidManifest.xml:18:5-65
	android:name
		ADDED from TikTokDemo-master/demo/AndroidManifest.xml:18:22-62
uses-permission#android.permission.RECORD_AUDIO
ADDED from TikTokDemo-master/demo/AndroidManifest.xml:19:5-71
	android:name
		ADDED from TikTokDemo-master/demo/AndroidManifest.xml:19:22-68
uses-permission#android.permission.READ_PHONE_STATE
ADDED from TikTokDemo-master/demo/AndroidManifest.xml:20:5-75
	android:name
		ADDED from TikTokDemo-master/demo/AndroidManifest.xml:20:22-72
uses-permission#android.permission.GET_TASKS
ADDED from TikTokDemo-master/demo/AndroidManifest.xml:21:5-68
	android:name
		ADDED from TikTokDemo-master/demo/AndroidManifest.xml:21:22-65
uses-permission#android.permission.MODIFY_AUDIO_SETTINGS
ADDED from TikTokDemo-master/demo/AndroidManifest.xml:23:5-80
	android:name
		ADDED from TikTokDemo-master/demo/AndroidManifest.xml:23:22-77
uses-permission#android.permission.BLUETOOTH
ADDED from TikTokDemo-master/demo/AndroidManifest.xml:24:5-68
	android:name
		ADDED from TikTokDemo-master/demo/AndroidManifest.xml:24:22-65
uses-permission#android.permission.CHANGE_WIFI_STATE
ADDED from TikTokDemo-master/demo/AndroidManifest.xml:25:5-76
	android:name
		ADDED from TikTokDemo-master/demo/AndroidManifest.xml:25:22-73
uses-permission#android.permission.MOUNT_UNMOUNT_FILESYSTEMS
ADDED from TikTokDemo-master/demo/AndroidManifest.xml:30:5-84
	android:name
		ADDED from TikTokDemo-master/demo/AndroidManifest.xml:30:22-81
uses-permission#android.permission.SYSTEM_ALERT_WINDOW
ADDED from TikTokDemo-master/demo/AndroidManifest.xml:32:5-78
	android:name
		ADDED from TikTokDemo-master/demo/AndroidManifest.xml:32:22-75
uses-permission#android.permission.WAKE_LOCK
ADDED from TikTokDemo-master/demo/AndroidManifest.xml:34:5-68
	android:name
		ADDED from TikTokDemo-master/demo/AndroidManifest.xml:34:22-65
uses-permission#android.permission.SET_DEBUG_APP
ADDED from TikTokDemo-master/demo/AndroidManifest.xml:36:5-72
	android:name
		ADDED from TikTokDemo-master/demo/AndroidManifest.xml:36:22-69
uses-feature#android.hardware.camera
ADDED from TikTokDemo-master/demo/AndroidManifest.xml:38:5-60
	android:name
		ADDED from TikTokDemo-master/demo/AndroidManifest.xml:38:19-57
uses-feature#android.hardware.camera.autofocus
ADDED from TikTokDemo-master/demo/AndroidManifest.xml:39:5-70
	android:name
		ADDED from TikTokDemo-master/demo/AndroidManifest.xml:39:19-67
uses-permission#android.permission.SEND_SMS
ADDED from TikTokDemo-master/demo/AndroidManifest.xml:45:5-67
	android:name
		ADDED from TikTokDemo-master/demo/AndroidManifest.xml:45:22-64
uses-permission#android.permission.READ_CONTACTS
ADDED from TikTokDemo-master/demo/AndroidManifest.xml:47:5-72
	android:name
		ADDED from TikTokDemo-master/demo/AndroidManifest.xml:47:22-69
uses-permission#android.permission.RECORD_VIDEO
ADDED from TikTokDemo-master/demo/AndroidManifest.xml:50:5-71
	android:name
		ADDED from TikTokDemo-master/demo/AndroidManifest.xml:50:22-68
uses-permission#android.permission.CAPTURE_AUDIO_OUTPUT
ADDED from TikTokDemo-master/demo/AndroidManifest.xml:52:5-79
	android:name
		ADDED from TikTokDemo-master/demo/AndroidManifest.xml:52:22-76
uses-permission#android.permission.CAPTURE_VIDEO_OUTPUT
ADDED from TikTokDemo-master/demo/AndroidManifest.xml:53:5-79
	android:name
		ADDED from TikTokDemo-master/demo/AndroidManifest.xml:53:22-76
uses-feature#0x00020000
ADDED from TikTokDemo-master/demo/AndroidManifest.xml:56:5-58:35
	android:glEsVersion
		ADDED from TikTokDemo-master/demo/AndroidManifest.xml:57:9-41
	android:required
		ADDED from TikTokDemo-master/demo/AndroidManifest.xml:58:9-32
uses-sdk
INJECTED from TikTokDemo-master/demo/AndroidManifest.xml reason: use-sdk injection requested
INJECTED from TikTokDemo-master/demo/AndroidManifest.xml
INJECTED from TikTokDemo-master/demo/AndroidManifest.xml
INJECTED from TikTokDemo-master/demo/AndroidManifest.xml
INJECTED from TikTokDemo-master/demo/AndroidManifest.xml
	android:targetSdkVersion
		INJECTED from TikTokDemo-master/demo/AndroidManifest.xml
		ADDED from TikTokDemo-master/demo/AndroidManifest.xml
		INJECTED from TikTokDemo-master/demo/AndroidManifest.xml
	android:minSdkVersion
		INJECTED from TikTokDemo-master/demo/AndroidManifest.xml
		ADDED from TikTokDemo-master/demo/AndroidManifest.xml
		INJECTED from TikTokDemo-master/demo/AndroidManifest.xml